<?xml version="1.0" encoding="UTF-8"?>
<testsuite name="integration.PatientControllerIntegrationTest" tests="5" skipped="0" failures="0" errors="0" timestamp="2021-07-26T12:42:39" hostname="PC-ANTOINE" time="0.97">
  <properties/>
  <testcase name="insert()" classname="integration.PatientControllerIntegrationTest" time="0.634"/>
  <testcase name="list()" classname="integration.PatientControllerIntegrationTest" time="0.244"/>
  <testcase name="select()" classname="integration.PatientControllerIntegrationTest" time="0.028"/>
  <testcase name="update()" classname="integration.PatientControllerIntegrationTest" time="0.033"/>
  <testcase name="delete()" classname="integration.PatientControllerIntegrationTest" time="0.027"/>
  <system-out><![CDATA[14:42:32.452 [Test worker] DEBUG org.springframework.test.context.BootstrapUtils - Instantiating CacheAwareContextLoaderDelegate from class [org.springframework.test.context.cache.DefaultCacheAwareContextLoaderDelegate]
14:42:32.466 [Test worker] DEBUG org.springframework.test.context.BootstrapUtils - Instantiating BootstrapContext using constructor [public org.springframework.test.context.support.DefaultBootstrapContext(java.lang.Class,org.springframework.test.context.CacheAwareContextLoaderDelegate)]
14:42:32.506 [Test worker] DEBUG org.springframework.test.context.BootstrapUtils - Instantiating TestContextBootstrapper for test class [integration.PatientControllerIntegrationTest] from class [org.springframework.boot.test.context.SpringBootTestContextBootstrapper]
14:42:32.527 [Test worker] INFO org.springframework.boot.test.context.SpringBootTestContextBootstrapper - Neither @ContextConfiguration nor @ContextHierarchy found for test class [integration.PatientControllerIntegrationTest], using SpringBootContextLoader
14:42:32.532 [Test worker] DEBUG org.springframework.test.context.support.AbstractContextLoader - Did not detect default resource location for test class [integration.PatientControllerIntegrationTest]: class path resource [integration/PatientControllerIntegrationTest-context.xml] does not exist
14:42:32.533 [Test worker] DEBUG org.springframework.test.context.support.AbstractContextLoader - Did not detect default resource location for test class [integration.PatientControllerIntegrationTest]: class path resource [integration/PatientControllerIntegrationTestContext.groovy] does not exist
14:42:32.533 [Test worker] INFO org.springframework.test.context.support.AbstractContextLoader - Could not detect default resource locations for test class [integration.PatientControllerIntegrationTest]: no resource found for suffixes {-context.xml, Context.groovy}.
14:42:32.580 [Test worker] DEBUG org.springframework.test.context.support.ActiveProfilesUtils - Could not find an 'annotation declaring class' for annotation type [org.springframework.test.context.ActiveProfiles] and class [integration.PatientControllerIntegrationTest]
14:42:32.722 [Test worker] DEBUG org.springframework.boot.test.context.SpringBootTestContextBootstrapper - @TestExecutionListeners is not present for class [integration.PatientControllerIntegrationTest]: using defaults.
14:42:32.723 [Test worker] INFO org.springframework.boot.test.context.SpringBootTestContextBootstrapper - Loaded default TestExecutionListener class names from location [META-INF/spring.factories]: [org.springframework.boot.test.autoconfigure.restdocs.RestDocsTestExecutionListener, org.springframework.boot.test.autoconfigure.web.client.MockRestServiceServerResetTestExecutionListener, org.springframework.boot.test.autoconfigure.web.servlet.MockMvcPrintOnlyOnFailureTestExecutionListener, org.springframework.boot.test.autoconfigure.web.servlet.WebDriverTestExecutionListener, org.springframework.boot.test.autoconfigure.webservices.client.MockWebServiceServerTestExecutionListener, org.springframework.boot.test.mock.mockito.MockitoTestExecutionListener, org.springframework.boot.test.mock.mockito.ResetMocksTestExecutionListener, org.springframework.test.context.web.ServletTestExecutionListener, org.springframework.test.context.support.DirtiesContextBeforeModesTestExecutionListener, org.springframework.test.context.support.DependencyInjectionTestExecutionListener, org.springframework.test.context.support.DirtiesContextTestExecutionListener, org.springframework.test.context.transaction.TransactionalTestExecutionListener, org.springframework.test.context.jdbc.SqlScriptsTestExecutionListener, org.springframework.test.context.event.EventPublishingTestExecutionListener]
14:42:32.745 [Test worker] INFO org.springframework.boot.test.context.SpringBootTestContextBootstrapper - Using TestExecutionListeners: [org.springframework.test.context.web.ServletTestExecutionListener@a9ad604, org.springframework.test.context.support.DirtiesContextBeforeModesTestExecutionListener@23015e23, org.springframework.boot.test.mock.mockito.MockitoTestExecutionListener@12257f7d, org.springframework.boot.test.autoconfigure.SpringBootDependencyInjectionTestExecutionListener@4cd780e4, org.springframework.test.context.support.DirtiesContextTestExecutionListener@10a1458c, org.springframework.test.context.transaction.TransactionalTestExecutionListener@3978e1fd, org.springframework.test.context.jdbc.SqlScriptsTestExecutionListener@1fbf38, org.springframework.test.context.event.EventPublishingTestExecutionListener@70bfcf7f, org.springframework.boot.test.autoconfigure.restdocs.RestDocsTestExecutionListener@6aa869c1, org.springframework.boot.test.autoconfigure.web.client.MockRestServiceServerResetTestExecutionListener@14a10a60, org.springframework.boot.test.autoconfigure.web.servlet.MockMvcPrintOnlyOnFailureTestExecutionListener@69ba81b3, org.springframework.boot.test.autoconfigure.web.servlet.WebDriverTestExecutionListener@67f07fcc, org.springframework.boot.test.autoconfigure.webservices.client.MockWebServiceServerTestExecutionListener@4ebfe492, org.springframework.boot.test.mock.mockito.ResetMocksTestExecutionListener@52d1152f]
14:42:32.749 [Test worker] DEBUG org.springframework.test.context.support.AbstractDirtiesContextTestExecutionListener - Before test class: context [DefaultTestContext@4208ecd8 testClass = PatientControllerIntegrationTest, testInstance = [null], testMethod = [null], testException = [null], mergedContextConfiguration = [WebMergedContextConfiguration@604bbf0f testClass = PatientControllerIntegrationTest, locations = '{}', classes = '{class patientInformation.Application}', contextInitializerClasses = '[]', activeProfiles = '{}', propertySourceLocations = '{}', propertySourceProperties = '{org.springframework.boot.test.context.SpringBootTestContextBootstrapper=true}', contextCustomizers = set[org.springframework.boot.test.autoconfigure.properties.PropertyMappingContextCustomizer@0, org.springframework.boot.test.autoconfigure.web.servlet.WebDriverContextCustomizerFactory$Customizer@6ae28ae9, org.springframework.boot.test.context.filter.ExcludeFilterContextCustomizer@595a7ea3, org.springframework.boot.test.json.DuplicateJsonObjectContextCustomizerFactory$DuplicateJsonObjectContextCustomizer@170a0c8, org.springframework.boot.test.mock.mockito.MockitoContextCustomizer@0, org.springframework.boot.test.web.client.TestRestTemplateContextCustomizer@50d2770, org.springframework.boot.test.context.SpringBootTestArgs@1, org.springframework.boot.test.context.SpringBootTestWebEnvironment@74ef814d], resourceBasePath = 'src/main/webapp', contextLoader = 'org.springframework.boot.test.context.SpringBootContextLoader', parent = [null]], attributes = map['org.springframework.test.context.web.ServletTestExecutionListener.activateListener' -> true]], class annotated with @DirtiesContext [false] with mode [null].
14:42:32.945 [Test worker] DEBUG org.springframework.test.context.support.TestPropertySourceUtils - Adding inlined properties to environment: {spring.jmx.enabled=false, org.springframework.boot.test.context.SpringBootTestContextBootstrapper=true}

  .   ____          _            __ _ _
 /\\ / ___'_ __ _ _(_)_ __  __ _ \ \ \ \
( ( )\___ | '_ | '_| | '_ \/ _` | \ \ \ \
 \\/  ___)| |_)| | | | | || (_| |  ) ) ) )
  '  |____| .__|_| |_|_| |_\__, | / / / /
 =========|_|==============|___/=/_/_/_/
 :: Spring Boot ::        (v2.3.9.RELEASE)

2021-07-26 14:42:33.295  INFO 2696 --- [    Test worker] i.PatientControllerIntegrationTest       : Starting PatientControllerIntegrationTest on PC-ANTOINE with PID 2696 (started by Antoine in C:\Users\krawo\IdeaProjects\P9_Mediscreen\PatientInformation)
2021-07-26 14:42:33.297  INFO 2696 --- [    Test worker] i.PatientControllerIntegrationTest       : No active profile set, falling back to default profiles: default
2021-07-26 14:42:34.433  INFO 2696 --- [    Test worker] .s.d.r.c.RepositoryConfigurationDelegate : Bootstrapping Spring Data JPA repositories in DEFAULT mode.
2021-07-26 14:42:34.497  INFO 2696 --- [    Test worker] .s.d.r.c.RepositoryConfigurationDelegate : Finished Spring Data repository scanning in 55ms. Found 1 JPA repository interfaces.
2021-07-26 14:42:35.187  INFO 2696 --- [    Test worker] com.zaxxer.hikari.HikariDataSource       : HikariPool-1 - Starting...
2021-07-26 14:42:35.667  INFO 2696 --- [    Test worker] com.zaxxer.hikari.HikariDataSource       : HikariPool-1 - Start completed.
2021-07-26 14:42:35.757  INFO 2696 --- [    Test worker] o.hibernate.jpa.internal.util.LogHelper  : HHH000204: Processing PersistenceUnitInfo [name: default]
2021-07-26 14:42:35.852  INFO 2696 --- [    Test worker] org.hibernate.Version                    : HHH000412: Hibernate ORM core version 5.4.28.Final
2021-07-26 14:42:36.095  INFO 2696 --- [    Test worker] o.hibernate.annotations.common.Version   : HCANN000001: Hibernate Commons Annotations {5.1.2.Final}
2021-07-26 14:42:36.267  INFO 2696 --- [    Test worker] org.hibernate.dialect.Dialect            : HHH000400: Using dialect: org.hibernate.dialect.MySQL8Dialect
2021-07-26 14:42:37.001  INFO 2696 --- [    Test worker] o.h.e.t.j.p.i.JtaPlatformInitiator       : HHH000490: Using JtaPlatform implementation: [org.hibernate.engine.transaction.jta.platform.internal.NoJtaPlatform]
2021-07-26 14:42:37.012  INFO 2696 --- [    Test worker] j.LocalContainerEntityManagerFactoryBean : Initialized JPA EntityManagerFactory for persistence unit 'default'
2021-07-26 14:42:37.023  INFO 2696 --- [    Test worker] PatientController                        : PatientController()
2021-07-26 14:42:37.024  INFO 2696 --- [    Test worker] PatientService                           : PatientService()
2021-07-26 14:42:37.027  INFO 2696 --- [    Test worker] PatientService                           : PatientService()
2021-07-26 14:42:37.665  WARN 2696 --- [    Test worker] JpaBaseConfiguration$JpaWebConfiguration : spring.jpa.open-in-view is enabled by default. Therefore, database queries may be performed during view rendering. Explicitly configure spring.jpa.open-in-view to disable this warning
2021-07-26 14:42:38.198  INFO 2696 --- [    Test worker] o.s.s.concurrent.ThreadPoolTaskExecutor  : Initializing ExecutorService 'applicationTaskExecutor'
2021-07-26 14:42:38.976  INFO 2696 --- [    Test worker] o.s.b.a.e.web.EndpointLinksResolver      : Exposing 2 endpoint(s) beneath base path '/actuator'
2021-07-26 14:42:39.052  INFO 2696 --- [    Test worker] i.PatientControllerIntegrationTest       : Started PatientControllerIntegrationTest in 6.096 seconds (JVM running for 7.548)
2021-07-26 14:42:39.367  INFO 2696 --- [    Test worker] o.s.b.t.m.w.SpringBootMockServletContext : Initializing Spring TestDispatcherServlet ''
2021-07-26 14:42:39.367  INFO 2696 --- [    Test worker] o.s.t.web.servlet.TestDispatcherServlet  : Initializing Servlet ''
2021-07-26 14:42:39.383  INFO 2696 --- [    Test worker] o.s.t.web.servlet.TestDispatcherServlet  : Completed initialization in 16 ms
2021-07-26 14:42:39.540  INFO 2696 --- [    Test worker] PatientController                        : insert(patientInformation.model.Patient@4932bee9)
2021-07-26 14:42:39.541  INFO 2696 --- [    Test worker] PatientService                           : insert(patientInformation.model.Patient@4932bee9)
2021-07-26 14:42:39.767  INFO 2696 --- [    Test worker] o.s.b.t.m.w.SpringBootMockServletContext : Initializing Spring TestDispatcherServlet ''
2021-07-26 14:42:39.767  INFO 2696 --- [    Test worker] o.s.t.web.servlet.TestDispatcherServlet  : Initializing Servlet ''
2021-07-26 14:42:39.769  INFO 2696 --- [    Test worker] o.s.t.web.servlet.TestDispatcherServlet  : Completed initialization in 2 ms
2021-07-26 14:42:39.771  INFO 2696 --- [    Test worker] PatientController                        : list()
2021-07-26 14:42:39.771  INFO 2696 --- [    Test worker] PatientService                           : list()
2021-07-26 14:42:40.012  INFO 2696 --- [    Test worker] o.s.b.t.m.w.SpringBootMockServletContext : Initializing Spring TestDispatcherServlet ''
2021-07-26 14:42:40.012  INFO 2696 --- [    Test worker] o.s.t.web.servlet.TestDispatcherServlet  : Initializing Servlet ''
2021-07-26 14:42:40.014  INFO 2696 --- [    Test worker] o.s.t.web.servlet.TestDispatcherServlet  : Completed initialization in 2 ms
2021-07-26 14:42:40.019  INFO 2696 --- [    Test worker] PatientController                        : select(10)
2021-07-26 14:42:40.019  INFO 2696 --- [    Test worker] PatientService                           : select(10)
2021-07-26 14:42:40.040  INFO 2696 --- [    Test worker] o.s.b.t.m.w.SpringBootMockServletContext : Initializing Spring TestDispatcherServlet ''
2021-07-26 14:42:40.040  INFO 2696 --- [    Test worker] o.s.t.web.servlet.TestDispatcherServlet  : Initializing Servlet ''
2021-07-26 14:42:40.042  INFO 2696 --- [    Test worker] o.s.t.web.servlet.TestDispatcherServlet  : Completed initialization in 2 ms
2021-07-26 14:42:40.045  INFO 2696 --- [    Test worker] PatientController                        : update(10,patientInformation.model.Patient@13dcf6fc)
2021-07-26 14:42:40.046  INFO 2696 --- [    Test worker] PatientService                           : update(10,patientInformation.model.Patient@13dcf6fc)
2021-07-26 14:42:40.074  INFO 2696 --- [    Test worker] o.s.b.t.m.w.SpringBootMockServletContext : Initializing Spring TestDispatcherServlet ''
2021-07-26 14:42:40.074  INFO 2696 --- [    Test worker] o.s.t.web.servlet.TestDispatcherServlet  : Initializing Servlet ''
2021-07-26 14:42:40.076  INFO 2696 --- [    Test worker] o.s.t.web.servlet.TestDispatcherServlet  : Completed initialization in 2 ms
2021-07-26 14:42:40.078  INFO 2696 --- [    Test worker] PatientController                        : delete(10)
2021-07-26 14:42:40.078  INFO 2696 --- [    Test worker] PatientService                           : delete(10)
]]></system-out>
  <system-err><![CDATA[]]></system-err>
</testsuite>
