<?xml version="1.0" encoding="UTF-8"?>
<testsuite name="integration.UserControllerIntegrationTest" tests="5" skipped="0" failures="0" errors="0" timestamp="2021-07-22T15:50:01" hostname="PC-ANTOINE" time="1.413">
  <properties/>
  <testcase name="insertUser()" classname="integration.UserControllerIntegrationTest" time="0.93"/>
  <testcase name="selectUserList()" classname="integration.UserControllerIntegrationTest" time="0.302"/>
  <testcase name="selectUser()" classname="integration.UserControllerIntegrationTest" time="0.042"/>
  <testcase name="updateUser()" classname="integration.UserControllerIntegrationTest" time="0.072"/>
  <testcase name="deleteUser()" classname="integration.UserControllerIntegrationTest" time="0.061"/>
  <system-out><![CDATA[17:49:51.712 [Test worker] DEBUG org.springframework.test.context.BootstrapUtils - Instantiating CacheAwareContextLoaderDelegate from class [org.springframework.test.context.cache.DefaultCacheAwareContextLoaderDelegate]
17:49:51.749 [Test worker] DEBUG org.springframework.test.context.BootstrapUtils - Instantiating BootstrapContext using constructor [public org.springframework.test.context.support.DefaultBootstrapContext(java.lang.Class,org.springframework.test.context.CacheAwareContextLoaderDelegate)]
17:49:51.818 [Test worker] DEBUG org.springframework.test.context.BootstrapUtils - Instantiating TestContextBootstrapper for test class [integration.UserControllerIntegrationTest] from class [org.springframework.boot.test.context.SpringBootTestContextBootstrapper]
17:49:51.855 [Test worker] INFO org.springframework.boot.test.context.SpringBootTestContextBootstrapper - Neither @ContextConfiguration nor @ContextHierarchy found for test class [integration.UserControllerIntegrationTest], using SpringBootContextLoader
17:49:51.863 [Test worker] DEBUG org.springframework.test.context.support.AbstractContextLoader - Did not detect default resource location for test class [integration.UserControllerIntegrationTest]: class path resource [integration/UserControllerIntegrationTest-context.xml] does not exist
17:49:51.864 [Test worker] DEBUG org.springframework.test.context.support.AbstractContextLoader - Did not detect default resource location for test class [integration.UserControllerIntegrationTest]: class path resource [integration/UserControllerIntegrationTestContext.groovy] does not exist
17:49:51.865 [Test worker] INFO org.springframework.test.context.support.AbstractContextLoader - Could not detect default resource locations for test class [integration.UserControllerIntegrationTest]: no resource found for suffixes {-context.xml, Context.groovy}.
17:49:51.950 [Test worker] DEBUG org.springframework.test.context.support.ActiveProfilesUtils - Could not find an 'annotation declaring class' for annotation type [org.springframework.test.context.ActiveProfiles] and class [integration.UserControllerIntegrationTest]
17:49:52.351 [Test worker] DEBUG org.springframework.boot.test.context.SpringBootTestContextBootstrapper - @TestExecutionListeners is not present for class [integration.UserControllerIntegrationTest]: using defaults.
17:49:52.352 [Test worker] INFO org.springframework.boot.test.context.SpringBootTestContextBootstrapper - Loaded default TestExecutionListener class names from location [META-INF/spring.factories]: [org.springframework.boot.test.autoconfigure.restdocs.RestDocsTestExecutionListener, org.springframework.boot.test.autoconfigure.web.client.MockRestServiceServerResetTestExecutionListener, org.springframework.boot.test.autoconfigure.web.servlet.MockMvcPrintOnlyOnFailureTestExecutionListener, org.springframework.boot.test.autoconfigure.web.servlet.WebDriverTestExecutionListener, org.springframework.boot.test.autoconfigure.webservices.client.MockWebServiceServerTestExecutionListener, org.springframework.boot.test.mock.mockito.MockitoTestExecutionListener, org.springframework.boot.test.mock.mockito.ResetMocksTestExecutionListener, org.springframework.test.context.web.ServletTestExecutionListener, org.springframework.test.context.support.DirtiesContextBeforeModesTestExecutionListener, org.springframework.test.context.support.DependencyInjectionTestExecutionListener, org.springframework.test.context.support.DirtiesContextTestExecutionListener, org.springframework.test.context.transaction.TransactionalTestExecutionListener, org.springframework.test.context.jdbc.SqlScriptsTestExecutionListener, org.springframework.test.context.event.EventPublishingTestExecutionListener]
17:49:52.415 [Test worker] INFO org.springframework.boot.test.context.SpringBootTestContextBootstrapper - Using TestExecutionListeners: [org.springframework.test.context.web.ServletTestExecutionListener@30a3ec1b, org.springframework.test.context.support.DirtiesContextBeforeModesTestExecutionListener@4643bac3, org.springframework.boot.test.mock.mockito.MockitoTestExecutionListener@666c5a77, org.springframework.boot.test.autoconfigure.SpringBootDependencyInjectionTestExecutionListener@391adf62, org.springframework.test.context.support.DirtiesContextTestExecutionListener@16762f6e, org.springframework.test.context.transaction.TransactionalTestExecutionListener@4d380ac1, org.springframework.test.context.jdbc.SqlScriptsTestExecutionListener@49035ef3, org.springframework.test.context.event.EventPublishingTestExecutionListener@260d697e, org.springframework.boot.test.autoconfigure.restdocs.RestDocsTestExecutionListener@1273f8e, org.springframework.boot.test.autoconfigure.web.client.MockRestServiceServerResetTestExecutionListener@cc45369, org.springframework.boot.test.autoconfigure.web.servlet.MockMvcPrintOnlyOnFailureTestExecutionListener@5fe370c4, org.springframework.boot.test.autoconfigure.web.servlet.WebDriverTestExecutionListener@12e8a4df, org.springframework.boot.test.autoconfigure.webservices.client.MockWebServiceServerTestExecutionListener@2a0b3243, org.springframework.boot.test.mock.mockito.ResetMocksTestExecutionListener@4fa7370]
17:49:52.427 [Test worker] DEBUG org.springframework.test.context.support.AbstractDirtiesContextTestExecutionListener - Before test class: context [DefaultTestContext@44c42c47 testClass = UserControllerIntegrationTest, testInstance = [null], testMethod = [null], testException = [null], mergedContextConfiguration = [WebMergedContextConfiguration@183d304f testClass = UserControllerIntegrationTest, locations = '{}', classes = '{class userInformation.Application}', contextInitializerClasses = '[]', activeProfiles = '{}', propertySourceLocations = '{}', propertySourceProperties = '{org.springframework.boot.test.context.SpringBootTestContextBootstrapper=true}', contextCustomizers = set[org.springframework.boot.test.autoconfigure.properties.PropertyMappingContextCustomizer@0, org.springframework.boot.test.autoconfigure.web.servlet.WebDriverContextCustomizerFactory$Customizer@4c7debc0, org.springframework.boot.test.context.filter.ExcludeFilterContextCustomizer@3543ba7a, org.springframework.boot.test.json.DuplicateJsonObjectContextCustomizerFactory$DuplicateJsonObjectContextCustomizer@2dbcb39b, org.springframework.boot.test.mock.mockito.MockitoContextCustomizer@0, org.springframework.boot.test.web.client.TestRestTemplateContextCustomizer@40f301f2, org.springframework.boot.test.context.SpringBootTestArgs@1, org.springframework.boot.test.context.SpringBootTestWebEnvironment@27316261], resourceBasePath = 'src/main/webapp', contextLoader = 'org.springframework.boot.test.context.SpringBootContextLoader', parent = [null]], attributes = map['org.springframework.test.context.web.ServletTestExecutionListener.activateListener' -> true]], class annotated with @DirtiesContext [false] with mode [null].
17:49:53.035 [Test worker] DEBUG org.springframework.test.context.support.TestPropertySourceUtils - Adding inlined properties to environment: {spring.jmx.enabled=false, org.springframework.boot.test.context.SpringBootTestContextBootstrapper=true}

  .   ____          _            __ _ _
 /\\ / ___'_ __ _ _(_)_ __  __ _ \ \ \ \
( ( )\___ | '_ | '_| | '_ \/ _` | \ \ \ \
 \\/  ___)| |_)| | | | | || (_| |  ) ) ) )
  '  |____| .__|_| |_|_| |_\__, | / / / /
 =========|_|==============|___/=/_/_/_/
 :: Spring Boot ::        (v2.3.9.RELEASE)

2021-07-22 17:49:53.570  INFO 9620 --- [    Test worker] i.UserControllerIntegrationTest          : Starting UserControllerIntegrationTest on PC-ANTOINE with PID 9620 (started by Antoine in C:\Users\krawo\IdeaProjects\P9_Mediscreen\UserInformation)
2021-07-22 17:49:53.573  INFO 9620 --- [    Test worker] i.UserControllerIntegrationTest          : No active profile set, falling back to default profiles: default
2021-07-22 17:49:55.403  INFO 9620 --- [    Test worker] .s.d.r.c.RepositoryConfigurationDelegate : Bootstrapping Spring Data JPA repositories in DEFAULT mode.
2021-07-22 17:49:55.494  INFO 9620 --- [    Test worker] .s.d.r.c.RepositoryConfigurationDelegate : Finished Spring Data repository scanning in 77ms. Found 1 JPA repository interfaces.
2021-07-22 17:49:56.482  INFO 9620 --- [    Test worker] com.zaxxer.hikari.HikariDataSource       : HikariPool-1 - Starting...
2021-07-22 17:49:57.103  INFO 9620 --- [    Test worker] com.zaxxer.hikari.HikariDataSource       : HikariPool-1 - Start completed.
2021-07-22 17:49:57.254  INFO 9620 --- [    Test worker] o.hibernate.jpa.internal.util.LogHelper  : HHH000204: Processing PersistenceUnitInfo [name: default]
2021-07-22 17:49:57.420  INFO 9620 --- [    Test worker] org.hibernate.Version                    : HHH000412: Hibernate ORM core version 5.4.28.Final
2021-07-22 17:49:57.747  INFO 9620 --- [    Test worker] o.hibernate.annotations.common.Version   : HCANN000001: Hibernate Commons Annotations {5.1.2.Final}
2021-07-22 17:49:58.002  INFO 9620 --- [    Test worker] org.hibernate.dialect.Dialect            : HHH000400: Using dialect: org.hibernate.dialect.MySQL8Dialect
2021-07-22 17:49:59.088  INFO 9620 --- [    Test worker] o.h.e.t.j.p.i.JtaPlatformInitiator       : HHH000490: Using JtaPlatform implementation: [org.hibernate.engine.transaction.jta.platform.internal.NoJtaPlatform]
2021-07-22 17:49:59.103  INFO 9620 --- [    Test worker] j.LocalContainerEntityManagerFactoryBean : Initialized JPA EntityManagerFactory for persistence unit 'default'
2021-07-22 17:49:59.118  INFO 9620 --- [    Test worker] UserController                           : UserController()
2021-07-22 17:49:59.928  WARN 9620 --- [    Test worker] JpaBaseConfiguration$JpaWebConfiguration : spring.jpa.open-in-view is enabled by default. Therefore, database queries may be performed during view rendering. Explicitly configure spring.jpa.open-in-view to disable this warning
2021-07-22 17:50:00.684  INFO 9620 --- [    Test worker] o.s.s.concurrent.ThreadPoolTaskExecutor  : Initializing ExecutorService 'applicationTaskExecutor'
2021-07-22 17:50:01.742  INFO 9620 --- [    Test worker] o.s.b.a.e.web.EndpointLinksResolver      : Exposing 2 endpoint(s) beneath base path '/actuator'
2021-07-22 17:50:01.837  INFO 9620 --- [    Test worker] i.UserControllerIntegrationTest          : Started UserControllerIntegrationTest in 8.772 seconds (JVM running for 11.972)
2021-07-22 17:50:02.223  INFO 9620 --- [    Test worker] o.s.b.t.m.w.SpringBootMockServletContext : Initializing Spring TestDispatcherServlet ''
2021-07-22 17:50:02.224  INFO 9620 --- [    Test worker] o.s.t.web.servlet.TestDispatcherServlet  : Initializing Servlet ''
2021-07-22 17:50:02.249  INFO 9620 --- [    Test worker] o.s.t.web.servlet.TestDispatcherServlet  : Completed initialization in 25 ms
2021-07-22 17:50:02.578  INFO 9620 --- [    Test worker] UserController                           : insertUser(userInformation.model.User@306fac23)
2021-07-22 17:50:02.578  INFO 9620 --- [    Test worker] UserService                              : insertUser(userInformation.model.User@306fac23)
2021-07-22 17:50:02.846  INFO 9620 --- [    Test worker] o.s.b.t.m.w.SpringBootMockServletContext : Initializing Spring TestDispatcherServlet ''
2021-07-22 17:50:02.846  INFO 9620 --- [    Test worker] o.s.t.web.servlet.TestDispatcherServlet  : Initializing Servlet ''
2021-07-22 17:50:02.850  INFO 9620 --- [    Test worker] o.s.t.web.servlet.TestDispatcherServlet  : Completed initialization in 3 ms
2021-07-22 17:50:02.852  INFO 9620 --- [    Test worker] UserController                           : selectUserList()
2021-07-22 17:50:02.853  INFO 9620 --- [    Test worker] UserService                              : selectUserList()
2021-07-22 17:50:03.148  INFO 9620 --- [    Test worker] o.s.b.t.m.w.SpringBootMockServletContext : Initializing Spring TestDispatcherServlet ''
2021-07-22 17:50:03.149  INFO 9620 --- [    Test worker] o.s.t.web.servlet.TestDispatcherServlet  : Initializing Servlet ''
2021-07-22 17:50:03.153  INFO 9620 --- [    Test worker] o.s.t.web.servlet.TestDispatcherServlet  : Completed initialization in 4 ms
2021-07-22 17:50:03.161  INFO 9620 --- [    Test worker] UserController                           : selectUser(48)
2021-07-22 17:50:03.162  INFO 9620 --- [    Test worker] UserService                              : selectUser(48)
2021-07-22 17:50:03.193  INFO 9620 --- [    Test worker] o.s.b.t.m.w.SpringBootMockServletContext : Initializing Spring TestDispatcherServlet ''
2021-07-22 17:50:03.193  INFO 9620 --- [    Test worker] o.s.t.web.servlet.TestDispatcherServlet  : Initializing Servlet ''
2021-07-22 17:50:03.196  INFO 9620 --- [    Test worker] o.s.t.web.servlet.TestDispatcherServlet  : Completed initialization in 3 ms
2021-07-22 17:50:03.204  INFO 9620 --- [    Test worker] UserController                           : updateUser(48,userInformation.model.User@1394e222)
2021-07-22 17:50:03.205  INFO 9620 --- [    Test worker] UserService                              : updateUser(48,userInformation.model.User@1394e222)
2021-07-22 17:50:03.265  INFO 9620 --- [    Test worker] o.s.b.t.m.w.SpringBootMockServletContext : Initializing Spring TestDispatcherServlet ''
2021-07-22 17:50:03.265  INFO 9620 --- [    Test worker] o.s.t.web.servlet.TestDispatcherServlet  : Initializing Servlet ''
2021-07-22 17:50:03.269  INFO 9620 --- [    Test worker] o.s.t.web.servlet.TestDispatcherServlet  : Completed initialization in 3 ms
2021-07-22 17:50:03.272  INFO 9620 --- [    Test worker] UserController                           : deleteUser(48)
]]></system-out>
  <system-err><![CDATA[]]></system-err>
</testsuite>
