<?xml version="1.0" encoding="UTF-8"?>
<testsuite name="integration.UserControllerIntegrationTest" tests="6" skipped="0" failures="0" errors="0" timestamp="2021-07-22T15:49:22" hostname="PC-ANTOINE" time="2.584">
  <properties/>
  <testcase name="addUser()" classname="integration.UserControllerIntegrationTest" time="2.061"/>
  <testcase name="insertUser()" classname="integration.UserControllerIntegrationTest" time="0.24"/>
  <testcase name="getUserList()" classname="integration.UserControllerIntegrationTest" time="0.161"/>
  <testcase name="editUser()" classname="integration.UserControllerIntegrationTest" time="0.055"/>
  <testcase name="updateUser()" classname="integration.UserControllerIntegrationTest" time="0.031"/>
  <testcase name="deleteUser()" classname="integration.UserControllerIntegrationTest" time="0.026"/>
  <system-out><![CDATA[17:49:14.279 [Test worker] DEBUG org.springframework.test.context.BootstrapUtils - Instantiating CacheAwareContextLoaderDelegate from class [org.springframework.test.context.cache.DefaultCacheAwareContextLoaderDelegate]
17:49:14.321 [Test worker] DEBUG org.springframework.test.context.BootstrapUtils - Instantiating BootstrapContext using constructor [public org.springframework.test.context.support.DefaultBootstrapContext(java.lang.Class,org.springframework.test.context.CacheAwareContextLoaderDelegate)]
17:49:14.395 [Test worker] DEBUG org.springframework.test.context.BootstrapUtils - Instantiating TestContextBootstrapper for test class [integration.UserControllerIntegrationTest] from class [org.springframework.boot.test.context.SpringBootTestContextBootstrapper]
17:49:14.430 [Test worker] INFO org.springframework.boot.test.context.SpringBootTestContextBootstrapper - Neither @ContextConfiguration nor @ContextHierarchy found for test class [integration.UserControllerIntegrationTest], using SpringBootContextLoader
17:49:14.438 [Test worker] DEBUG org.springframework.test.context.support.AbstractContextLoader - Did not detect default resource location for test class [integration.UserControllerIntegrationTest]: class path resource [integration/UserControllerIntegrationTest-context.xml] does not exist
17:49:14.438 [Test worker] DEBUG org.springframework.test.context.support.AbstractContextLoader - Did not detect default resource location for test class [integration.UserControllerIntegrationTest]: class path resource [integration/UserControllerIntegrationTestContext.groovy] does not exist
17:49:14.439 [Test worker] INFO org.springframework.test.context.support.AbstractContextLoader - Could not detect default resource locations for test class [integration.UserControllerIntegrationTest]: no resource found for suffixes {-context.xml, Context.groovy}.
17:49:14.528 [Test worker] DEBUG org.springframework.test.context.support.ActiveProfilesUtils - Could not find an 'annotation declaring class' for annotation type [org.springframework.test.context.ActiveProfiles] and class [integration.UserControllerIntegrationTest]
17:49:14.782 [Test worker] DEBUG org.springframework.boot.test.context.SpringBootTestContextBootstrapper - @TestExecutionListeners is not present for class [integration.UserControllerIntegrationTest]: using defaults.
17:49:14.784 [Test worker] INFO org.springframework.boot.test.context.SpringBootTestContextBootstrapper - Loaded default TestExecutionListener class names from location [META-INF/spring.factories]: [org.springframework.boot.test.autoconfigure.restdocs.RestDocsTestExecutionListener, org.springframework.boot.test.autoconfigure.web.client.MockRestServiceServerResetTestExecutionListener, org.springframework.boot.test.autoconfigure.web.servlet.MockMvcPrintOnlyOnFailureTestExecutionListener, org.springframework.boot.test.autoconfigure.web.servlet.WebDriverTestExecutionListener, org.springframework.boot.test.autoconfigure.webservices.client.MockWebServiceServerTestExecutionListener, org.springframework.boot.test.mock.mockito.MockitoTestExecutionListener, org.springframework.boot.test.mock.mockito.ResetMocksTestExecutionListener, org.springframework.test.context.web.ServletTestExecutionListener, org.springframework.test.context.support.DirtiesContextBeforeModesTestExecutionListener, org.springframework.test.context.support.DependencyInjectionTestExecutionListener, org.springframework.test.context.support.DirtiesContextTestExecutionListener, org.springframework.test.context.transaction.TransactionalTestExecutionListener, org.springframework.test.context.jdbc.SqlScriptsTestExecutionListener, org.springframework.test.context.event.EventPublishingTestExecutionListener]
17:49:14.813 [Test worker] DEBUG org.springframework.boot.test.context.SpringBootTestContextBootstrapper - Skipping candidate TestExecutionListener [org.springframework.test.context.transaction.TransactionalTestExecutionListener] due to a missing dependency. Specify custom listener classes or make the default listener classes and their required dependencies available. Offending class: [org/springframework/transaction/interceptor/TransactionAttributeSource]
17:49:14.814 [Test worker] DEBUG org.springframework.boot.test.context.SpringBootTestContextBootstrapper - Skipping candidate TestExecutionListener [org.springframework.test.context.jdbc.SqlScriptsTestExecutionListener] due to a missing dependency. Specify custom listener classes or make the default listener classes and their required dependencies available. Offending class: [org/springframework/transaction/interceptor/TransactionAttribute]
17:49:14.815 [Test worker] INFO org.springframework.boot.test.context.SpringBootTestContextBootstrapper - Using TestExecutionListeners: [org.springframework.test.context.web.ServletTestExecutionListener@124dbec, org.springframework.test.context.support.DirtiesContextBeforeModesTestExecutionListener@7cc2c9fc, org.springframework.boot.test.mock.mockito.MockitoTestExecutionListener@71dbbaa0, org.springframework.boot.test.autoconfigure.SpringBootDependencyInjectionTestExecutionListener@646aec7b, org.springframework.test.context.support.DirtiesContextTestExecutionListener@4336a0a1, org.springframework.test.context.event.EventPublishingTestExecutionListener@29511c12, org.springframework.boot.test.autoconfigure.restdocs.RestDocsTestExecutionListener@573ad22, org.springframework.boot.test.autoconfigure.web.client.MockRestServiceServerResetTestExecutionListener@364990c3, org.springframework.boot.test.autoconfigure.web.servlet.MockMvcPrintOnlyOnFailureTestExecutionListener@400c0d03, org.springframework.boot.test.autoconfigure.web.servlet.WebDriverTestExecutionListener@611c389c, org.springframework.boot.test.autoconfigure.webservices.client.MockWebServiceServerTestExecutionListener@799e8320, org.springframework.boot.test.mock.mockito.ResetMocksTestExecutionListener@32bcb58]
17:49:14.822 [Test worker] DEBUG org.springframework.test.context.support.AbstractDirtiesContextTestExecutionListener - Before test class: context [DefaultTestContext@614d9bae testClass = UserControllerIntegrationTest, testInstance = [null], testMethod = [null], testException = [null], mergedContextConfiguration = [WebMergedContextConfiguration@5190fc7d testClass = UserControllerIntegrationTest, locations = '{}', classes = '{class userInterface.Application}', contextInitializerClasses = '[]', activeProfiles = '{}', propertySourceLocations = '{}', propertySourceProperties = '{org.springframework.boot.test.context.SpringBootTestContextBootstrapper=true}', contextCustomizers = set[org.springframework.boot.test.autoconfigure.properties.PropertyMappingContextCustomizer@0, org.springframework.boot.test.autoconfigure.web.servlet.WebDriverContextCustomizerFactory$Customizer@3b80242, org.springframework.boot.test.context.filter.ExcludeFilterContextCustomizer@76b5b9db, org.springframework.boot.test.json.DuplicateJsonObjectContextCustomizerFactory$DuplicateJsonObjectContextCustomizer@4026c5c2, org.springframework.boot.test.mock.mockito.MockitoContextCustomizer@0, org.springframework.boot.test.web.client.TestRestTemplateContextCustomizer@67a88e65, org.springframework.boot.test.context.SpringBootTestArgs@1, org.springframework.boot.test.context.SpringBootTestWebEnvironment@6a3a8ad], resourceBasePath = 'src/main/webapp', contextLoader = 'org.springframework.boot.test.context.SpringBootContextLoader', parent = [null]], attributes = map['org.springframework.test.context.web.ServletTestExecutionListener.activateListener' -> true]], class annotated with @DirtiesContext [false] with mode [null].
17:49:14.899 [Test worker] DEBUG org.springframework.test.context.support.TestPropertySourceUtils - Adding inlined properties to environment: {spring.jmx.enabled=false, org.springframework.boot.test.context.SpringBootTestContextBootstrapper=true}

  .   ____          _            __ _ _
 /\\ / ___'_ __ _ _(_)_ __  __ _ \ \ \ \
( ( )\___ | '_ | '_| | '_ \/ _` | \ \ \ \
 \\/  ___)| |_)| | | | | || (_| |  ) ) ) )
  '  |____| .__|_| |_|_| |_\__, | / / / /
 =========|_|==============|___/=/_/_/_/
 :: Spring Boot ::        (v2.3.9.RELEASE)

2021-07-22 17:49:17.731  INFO 18968 --- [    Test worker] i.UserControllerIntegrationTest          : No active profile set, falling back to default profiles: default
2021-07-22 17:49:19.470  INFO 18968 --- [    Test worker] o.s.cloud.context.scope.GenericScope     : BeanFactory id=38f882ac-0727-3ed3-8c7e-e8d2e3d8a8ea
2021-07-22 17:49:19.560  INFO 18968 --- [    Test worker] trationDelegate$BeanPostProcessorChecker : Bean 'userInterface.proxy.UserProxy' of type [org.springframework.cloud.openfeign.FeignClientFactoryBean] is not eligible for getting processed by all BeanPostProcessors (for example: not eligible for auto-proxying)
2021-07-22 17:49:19.723  INFO 18968 --- [    Test worker] UserController                           : UserController()
2021-07-22 17:49:20.695  WARN 18968 --- [    Test worker] c.n.c.sources.URLConfigurationSource     : No URLs will be polled as dynamic configuration sources.
2021-07-22 17:49:20.696  INFO 18968 --- [    Test worker] c.n.c.sources.URLConfigurationSource     : To enable URLs as dynamic configuration sources, define System property archaius.configurationSource.additionalUrls or make config.properties available on classpath.
2021-07-22 17:49:20.709  WARN 18968 --- [    Test worker] c.n.c.sources.URLConfigurationSource     : No URLs will be polled as dynamic configuration sources.
2021-07-22 17:49:20.709  INFO 18968 --- [    Test worker] c.n.c.sources.URLConfigurationSource     : To enable URLs as dynamic configuration sources, define System property archaius.configurationSource.additionalUrls or make config.properties available on classpath.
2021-07-22 17:49:21.159  INFO 18968 --- [    Test worker] o.s.s.concurrent.ThreadPoolTaskExecutor  : Initializing ExecutorService 'applicationTaskExecutor'
2021-07-22 17:49:22.799  INFO 18968 --- [    Test worker] o.s.b.a.e.web.EndpointLinksResolver      : Exposing 2 endpoint(s) beneath base path '/actuator'
2021-07-22 17:49:22.907  INFO 18968 --- [    Test worker] i.UserControllerIntegrationTest          : Started UserControllerIntegrationTest in 7.97 seconds (JVM running for 10.37)
2021-07-22 17:49:24.075  INFO 18968 --- [    Test worker] o.s.b.t.m.w.SpringBootMockServletContext : Initializing Spring TestDispatcherServlet ''
2021-07-22 17:49:24.075  INFO 18968 --- [    Test worker] o.s.t.web.servlet.TestDispatcherServlet  : Initializing Servlet ''
2021-07-22 17:49:24.109  INFO 18968 --- [    Test worker] o.s.t.web.servlet.TestDispatcherServlet  : Completed initialization in 33 ms
2021-07-22 17:49:24.249  INFO 18968 --- [    Test worker] UserController                           : addUser({user=userInterface.model.User@45db38c, org.springframework.validation.BindingResult.user=org.springframework.validation.BeanPropertyBindingResult: 0 errors})
2021-07-22 17:49:25.064  INFO 18968 --- [    Test worker] o.s.b.t.m.w.SpringBootMockServletContext : Initializing Spring TestDispatcherServlet ''
2021-07-22 17:49:25.064  INFO 18968 --- [    Test worker] o.s.t.web.servlet.TestDispatcherServlet  : Initializing Servlet ''
2021-07-22 17:49:25.072  INFO 18968 --- [    Test worker] o.s.t.web.servlet.TestDispatcherServlet  : Completed initialization in 8 ms
2021-07-22 17:49:25.177  INFO 18968 --- [    Test worker] UserController                           : insertUser(,userInterface.model.User@15241f39,org.springframework.validation.BeanPropertyBindingResult: 0 errors,{user=userInterface.model.User@15241f39, org.springframework.validation.BindingResult.user=org.springframework.validation.BeanPropertyBindingResult: 0 errors})
2021-07-22 17:49:25.178  INFO 18968 --- [    Test worker] UserService                              : insertUser(,userInterface.model.User@15241f39)
2021-07-22 17:49:25.306  INFO 18968 --- [    Test worker] o.s.b.t.m.w.SpringBootMockServletContext : Initializing Spring TestDispatcherServlet ''
2021-07-22 17:49:25.307  INFO 18968 --- [    Test worker] o.s.t.web.servlet.TestDispatcherServlet  : Initializing Servlet ''
2021-07-22 17:49:25.311  INFO 18968 --- [    Test worker] o.s.t.web.servlet.TestDispatcherServlet  : Completed initialization in 4 ms
2021-07-22 17:49:25.313  INFO 18968 --- [    Test worker] UserController                           : userList({})
2021-07-22 17:49:25.313  INFO 18968 --- [    Test worker] UserService                              : selectUserList()
2021-07-22 17:49:25.469  INFO 18968 --- [    Test worker] o.s.b.t.m.w.SpringBootMockServletContext : Initializing Spring TestDispatcherServlet ''
2021-07-22 17:49:25.469  INFO 18968 --- [    Test worker] o.s.t.web.servlet.TestDispatcherServlet  : Initializing Servlet ''
2021-07-22 17:49:25.474  INFO 18968 --- [    Test worker] o.s.t.web.servlet.TestDispatcherServlet  : Completed initialization in 5 ms
2021-07-22 17:49:25.487  INFO 18968 --- [    Test worker] UserController                           : editUser(47,{})
2021-07-22 17:49:25.487  INFO 18968 --- [    Test worker] UserService                              : selectUser(47)
2021-07-22 17:49:25.526  INFO 18968 --- [    Test worker] o.s.b.t.m.w.SpringBootMockServletContext : Initializing Spring TestDispatcherServlet ''
2021-07-22 17:49:25.527  INFO 18968 --- [    Test worker] o.s.t.web.servlet.TestDispatcherServlet  : Initializing Servlet ''
2021-07-22 17:49:25.529  INFO 18968 --- [    Test worker] o.s.t.web.servlet.TestDispatcherServlet  : Completed initialization in 2 ms
2021-07-22 17:49:25.535  INFO 18968 --- [    Test worker] UserController                           : updateUser(47,userInterface.model.User@5846e979,org.springframework.validation.BeanPropertyBindingResult: 0 errors,{user=userInterface.model.User@5846e979, org.springframework.validation.BindingResult.user=org.springframework.validation.BeanPropertyBindingResult: 0 errors})
2021-07-22 17:49:25.536  INFO 18968 --- [    Test worker] UserService                              : updateUser(47,userInterface.model.User@5846e979)
2021-07-22 17:49:25.560  INFO 18968 --- [    Test worker] o.s.b.t.m.w.SpringBootMockServletContext : Initializing Spring TestDispatcherServlet ''
2021-07-22 17:49:25.560  INFO 18968 --- [    Test worker] o.s.t.web.servlet.TestDispatcherServlet  : Initializing Servlet ''
2021-07-22 17:49:25.563  INFO 18968 --- [    Test worker] o.s.t.web.servlet.TestDispatcherServlet  : Completed initialization in 3 ms
2021-07-22 17:49:25.566  INFO 18968 --- [    Test worker] UserController                           : deleteUser(47,{})
2021-07-22 17:49:25.567  INFO 18968 --- [    Test worker] UserService                              : deleteUser(47)
]]></system-out>
  <system-err><![CDATA[]]></system-err>
</testsuite>
