<?xml version="1.0" encoding="UTF-8"?>
<testsuite name="unit.model.DiabetesReportUnitTest" tests="7" skipped="0" failures="0" errors="0" timestamp="2021-08-10T13:33:30" hostname="PC-ANTOINE" time="0.006">
  <properties/>
  <testcase name="setAndGetRiskLevel()" classname="unit.model.DiabetesReportUnitTest" time="0.001"/>
  <testcase name="setAndGetMedicalTriggerTermList()" classname="unit.model.DiabetesReportUnitTest" time="0.0"/>
  <testcase name="setAndGetGeneralTriggerTermList()" classname="unit.model.DiabetesReportUnitTest" time="0.0"/>
  <testcase name="setAndGetBirthDate()" classname="unit.model.DiabetesReportUnitTest" time="0.0"/>
  <testcase name="setAndGetAge()" classname="unit.model.DiabetesReportUnitTest" time="0.001"/>
  <testcase name="setAndGetCommentaryList()" classname="unit.model.DiabetesReportUnitTest" time="0.001"/>
  <testcase name="setAndGetGender()" classname="unit.model.DiabetesReportUnitTest" time="0.001"/>
  <system-out><![CDATA[]]></system-out>
  <system-err><![CDATA[]]></system-err>
</testsuite>
