<?xml version="1.0" encoding="UTF-8"?>
<testsuite name="integration.CommonControllerIntegrationTest" tests="2" skipped="0" failures="0" errors="0" timestamp="2021-08-10T13:33:25" hostname="PC-ANTOINE" time="2.462">
  <properties/>
  <testcase name="list()" classname="integration.CommonControllerIntegrationTest" time="1.973"/>
  <testcase name="open()" classname="integration.CommonControllerIntegrationTest" time="0.487"/>
  <system-out><![CDATA[15:33:16.732 [Test worker] DEBUG org.springframework.test.context.BootstrapUtils - Instantiating CacheAwareContextLoaderDelegate from class [org.springframework.test.context.cache.DefaultCacheAwareContextLoaderDelegate]
15:33:16.773 [Test worker] DEBUG org.springframework.test.context.BootstrapUtils - Instantiating BootstrapContext using constructor [public org.springframework.test.context.support.DefaultBootstrapContext(java.lang.Class,org.springframework.test.context.CacheAwareContextLoaderDelegate)]
15:33:16.831 [Test worker] DEBUG org.springframework.test.context.BootstrapUtils - Instantiating TestContextBootstrapper for test class [integration.CommonControllerIntegrationTest] from class [org.springframework.boot.test.context.SpringBootTestContextBootstrapper]
15:33:16.865 [Test worker] INFO org.springframework.boot.test.context.SpringBootTestContextBootstrapper - Neither @ContextConfiguration nor @ContextHierarchy found for test class [integration.CommonControllerIntegrationTest], using SpringBootContextLoader
15:33:16.870 [Test worker] DEBUG org.springframework.test.context.support.AbstractContextLoader - Did not detect default resource location for test class [integration.CommonControllerIntegrationTest]: class path resource [integration/CommonControllerIntegrationTest-context.xml] does not exist
15:33:16.871 [Test worker] DEBUG org.springframework.test.context.support.AbstractContextLoader - Did not detect default resource location for test class [integration.CommonControllerIntegrationTest]: class path resource [integration/CommonControllerIntegrationTestContext.groovy] does not exist
15:33:16.872 [Test worker] INFO org.springframework.test.context.support.AbstractContextLoader - Could not detect default resource locations for test class [integration.CommonControllerIntegrationTest]: no resource found for suffixes {-context.xml, Context.groovy}.
15:33:16.956 [Test worker] DEBUG org.springframework.test.context.support.ActiveProfilesUtils - Could not find an 'annotation declaring class' for annotation type [org.springframework.test.context.ActiveProfiles] and class [integration.CommonControllerIntegrationTest]
15:33:17.201 [Test worker] DEBUG org.springframework.boot.test.context.SpringBootTestContextBootstrapper - @TestExecutionListeners is not present for class [integration.CommonControllerIntegrationTest]: using defaults.
15:33:17.202 [Test worker] INFO org.springframework.boot.test.context.SpringBootTestContextBootstrapper - Loaded default TestExecutionListener class names from location [META-INF/spring.factories]: [org.springframework.boot.test.autoconfigure.restdocs.RestDocsTestExecutionListener, org.springframework.boot.test.autoconfigure.web.client.MockRestServiceServerResetTestExecutionListener, org.springframework.boot.test.autoconfigure.web.servlet.MockMvcPrintOnlyOnFailureTestExecutionListener, org.springframework.boot.test.autoconfigure.web.servlet.WebDriverTestExecutionListener, org.springframework.boot.test.autoconfigure.webservices.client.MockWebServiceServerTestExecutionListener, org.springframework.boot.test.mock.mockito.MockitoTestExecutionListener, org.springframework.boot.test.mock.mockito.ResetMocksTestExecutionListener, org.springframework.test.context.web.ServletTestExecutionListener, org.springframework.test.context.support.DirtiesContextBeforeModesTestExecutionListener, org.springframework.test.context.support.DependencyInjectionTestExecutionListener, org.springframework.test.context.support.DirtiesContextTestExecutionListener, org.springframework.test.context.transaction.TransactionalTestExecutionListener, org.springframework.test.context.jdbc.SqlScriptsTestExecutionListener, org.springframework.test.context.event.EventPublishingTestExecutionListener]
15:33:17.233 [Test worker] DEBUG org.springframework.boot.test.context.SpringBootTestContextBootstrapper - Skipping candidate TestExecutionListener [org.springframework.test.context.transaction.TransactionalTestExecutionListener] due to a missing dependency. Specify custom listener classes or make the default listener classes and their required dependencies available. Offending class: [org/springframework/transaction/interceptor/TransactionAttributeSource]
15:33:17.234 [Test worker] DEBUG org.springframework.boot.test.context.SpringBootTestContextBootstrapper - Skipping candidate TestExecutionListener [org.springframework.test.context.jdbc.SqlScriptsTestExecutionListener] due to a missing dependency. Specify custom listener classes or make the default listener classes and their required dependencies available. Offending class: [org/springframework/transaction/interceptor/TransactionAttribute]
15:33:17.235 [Test worker] INFO org.springframework.boot.test.context.SpringBootTestContextBootstrapper - Using TestExecutionListeners: [org.springframework.test.context.web.ServletTestExecutionListener@566905ac, org.springframework.test.context.support.DirtiesContextBeforeModesTestExecutionListener@6354618f, org.springframework.boot.test.mock.mockito.MockitoTestExecutionListener@3704a906, org.springframework.boot.test.autoconfigure.SpringBootDependencyInjectionTestExecutionListener@41a616ea, org.springframework.test.context.support.DirtiesContextTestExecutionListener@5ffc3f17, org.springframework.test.context.event.EventPublishingTestExecutionListener@1f64757e, org.springframework.boot.test.autoconfigure.restdocs.RestDocsTestExecutionListener@dbab30d, org.springframework.boot.test.autoconfigure.web.client.MockRestServiceServerResetTestExecutionListener@7cdae516, org.springframework.boot.test.autoconfigure.web.servlet.MockMvcPrintOnlyOnFailureTestExecutionListener@4260691d, org.springframework.boot.test.autoconfigure.web.servlet.WebDriverTestExecutionListener@7e133baa, org.springframework.boot.test.autoconfigure.webservices.client.MockWebServiceServerTestExecutionListener@26e9cdbe, org.springframework.boot.test.mock.mockito.ResetMocksTestExecutionListener@db07e20]
15:33:17.241 [Test worker] DEBUG org.springframework.test.context.support.AbstractDirtiesContextTestExecutionListener - Before test class: context [DefaultTestContext@2d50ff8a testClass = CommonControllerIntegrationTest, testInstance = [null], testMethod = [null], testException = [null], mergedContextConfiguration = [WebMergedContextConfiguration@693ef22 testClass = CommonControllerIntegrationTest, locations = '{}', classes = '{class userInterface.Application}', contextInitializerClasses = '[]', activeProfiles = '{}', propertySourceLocations = '{}', propertySourceProperties = '{org.springframework.boot.test.context.SpringBootTestContextBootstrapper=true}', contextCustomizers = set[org.springframework.boot.test.autoconfigure.properties.PropertyMappingContextCustomizer@0, org.springframework.boot.test.autoconfigure.web.servlet.WebDriverContextCustomizerFactory$Customizer@57670021, org.springframework.boot.test.context.filter.ExcludeFilterContextCustomizer@18ff9818, org.springframework.boot.test.json.DuplicateJsonObjectContextCustomizerFactory$DuplicateJsonObjectContextCustomizer@7166ae5e, org.springframework.boot.test.mock.mockito.MockitoContextCustomizer@0, org.springframework.boot.test.web.client.TestRestTemplateContextCustomizer@b9b3244, org.springframework.boot.test.context.SpringBootTestArgs@1, org.springframework.boot.test.context.SpringBootTestWebEnvironment@227f9cca], resourceBasePath = 'src/main/webapp', contextLoader = 'org.springframework.boot.test.context.SpringBootContextLoader', parent = [null]], attributes = map['org.springframework.test.context.web.ServletTestExecutionListener.activateListener' -> true]], class annotated with @DirtiesContext [false] with mode [null].
15:33:17.334 [Test worker] DEBUG org.springframework.test.context.support.TestPropertySourceUtils - Adding inlined properties to environment: {spring.jmx.enabled=false, org.springframework.boot.test.context.SpringBootTestContextBootstrapper=true}

  .   ____          _            __ _ _
 /\\ / ___'_ __ _ _(_)_ __  __ _ \ \ \ \
( ( )\___ | '_ | '_| | '_ \/ _` | \ \ \ \
 \\/  ___)| |_)| | | | | || (_| |  ) ) ) )
  '  |____| .__|_| |_|_| |_\__, | / / / /
 =========|_|==============|___/=/_/_/_/
 :: Spring Boot ::        (v2.3.9.RELEASE)

2021-08-10 15:33:19.852  INFO 13476 --- [    Test worker] i.CommonControllerIntegrationTest        : No active profile set, falling back to default profiles: default
2021-08-10 15:33:21.527  INFO 13476 --- [    Test worker] o.s.cloud.context.scope.GenericScope     : BeanFactory id=19fe32c3-f8bb-33c7-a406-e705eddea437
2021-08-10 15:33:21.626  INFO 13476 --- [    Test worker] trationDelegate$BeanPostProcessorChecker : Bean 'userInterface.proxy.NoteProxy' of type [org.springframework.cloud.openfeign.FeignClientFactoryBean] is not eligible for getting processed by all BeanPostProcessors (for example: not eligible for auto-proxying)
2021-08-10 15:33:21.628  INFO 13476 --- [    Test worker] trationDelegate$BeanPostProcessorChecker : Bean 'userInterface.proxy.PatientProxy' of type [org.springframework.cloud.openfeign.FeignClientFactoryBean] is not eligible for getting processed by all BeanPostProcessors (for example: not eligible for auto-proxying)
2021-08-10 15:33:21.630  INFO 13476 --- [    Test worker] trationDelegate$BeanPostProcessorChecker : Bean 'userInterface.proxy.ReportProxy' of type [org.springframework.cloud.openfeign.FeignClientFactoryBean] is not eligible for getting processed by all BeanPostProcessors (for example: not eligible for auto-proxying)
2021-08-10 15:33:21.800  INFO 13476 --- [    Test worker] CommonController                         : CommonController()
2021-08-10 15:33:21.801  INFO 13476 --- [    Test worker] PatientService                           : PatientInformationService()
2021-08-10 15:33:21.807  INFO 13476 --- [    Test worker] PatientService                           : PatientInformationService()
2021-08-10 15:33:22.498  INFO 13476 --- [    Test worker] NoteService                              : PatientNoteService()
2021-08-10 15:33:22.557  INFO 13476 --- [    Test worker] ReportService                            : ReportService()
2021-08-10 15:33:22.615  INFO 13476 --- [    Test worker] NoteController                           : NoteController()
2021-08-10 15:33:22.615  INFO 13476 --- [    Test worker] NoteService                              : PatientNoteService()
2021-08-10 15:33:22.621  INFO 13476 --- [    Test worker] PatientController                        : PatientController()
2021-08-10 15:33:22.622  INFO 13476 --- [    Test worker] PatientService                           : PatientInformationService()
2021-08-10 15:33:22.894  WARN 13476 --- [    Test worker] c.n.c.sources.URLConfigurationSource     : No URLs will be polled as dynamic configuration sources.
2021-08-10 15:33:22.894  INFO 13476 --- [    Test worker] c.n.c.sources.URLConfigurationSource     : To enable URLs as dynamic configuration sources, define System property archaius.configurationSource.additionalUrls or make config.properties available on classpath.
2021-08-10 15:33:22.907  WARN 13476 --- [    Test worker] c.n.c.sources.URLConfigurationSource     : No URLs will be polled as dynamic configuration sources.
2021-08-10 15:33:22.908  INFO 13476 --- [    Test worker] c.n.c.sources.URLConfigurationSource     : To enable URLs as dynamic configuration sources, define System property archaius.configurationSource.additionalUrls or make config.properties available on classpath.
2021-08-10 15:33:23.312  INFO 13476 --- [    Test worker] o.s.s.concurrent.ThreadPoolTaskExecutor  : Initializing ExecutorService 'applicationTaskExecutor'
2021-08-10 15:33:24.857  INFO 13476 --- [    Test worker] o.s.b.a.e.web.EndpointLinksResolver      : Exposing 2 endpoint(s) beneath base path '/actuator'
2021-08-10 15:33:24.966  INFO 13476 --- [    Test worker] i.CommonControllerIntegrationTest        : Started CommonControllerIntegrationTest in 7.602 seconds (JVM running for 9.977)
2021-08-10 15:33:25.758  INFO 13476 --- [    Test worker] o.s.b.t.m.w.SpringBootMockServletContext : Initializing Spring TestDispatcherServlet ''
2021-08-10 15:33:25.759  INFO 13476 --- [    Test worker] o.s.t.web.servlet.TestDispatcherServlet  : Initializing Servlet ''
2021-08-10 15:33:25.788  INFO 13476 --- [    Test worker] o.s.t.web.servlet.TestDispatcherServlet  : Completed initialization in 28 ms
2021-08-10 15:33:25.884  INFO 13476 --- [    Test worker] CommonController                         : listPatient({})
2021-08-10 15:33:25.885  INFO 13476 --- [    Test worker] PatientService                           : list()
2021-08-10 15:33:27.020  INFO 13476 --- [    Test worker] o.s.b.t.m.w.SpringBootMockServletContext : Initializing Spring TestDispatcherServlet ''
2021-08-10 15:33:27.020  INFO 13476 --- [    Test worker] o.s.t.web.servlet.TestDispatcherServlet  : Initializing Servlet ''
2021-08-10 15:33:27.023  INFO 13476 --- [    Test worker] o.s.t.web.servlet.TestDispatcherServlet  : Completed initialization in 3 ms
2021-08-10 15:33:27.060  INFO 13476 --- [    Test worker] CommonController                         : openPatient(1,{})
2021-08-10 15:33:27.060  INFO 13476 --- [    Test worker] PatientService                           : select(1)
2021-08-10 15:33:27.107  INFO 13476 --- [    Test worker] NoteService                              : list(1)
2021-08-10 15:33:27.263  INFO 13476 --- [    Test worker] ReportService                            : getDiabetesReport(userInterface.model.Patient@5b7b61cd,[userInterface.model.Note@76f6c662, userInterface.model.Note@1e68ffd2, userInterface.model.Note@5550c043])
]]></system-out>
  <system-err><![CDATA[]]></system-err>
</testsuite>
